The target system is: WASI - 1 - wasm32
The host system is: Linux - 5.15.167.4-microsoft-standard-WSL2 - x86_64
Compiling the C compiler identification source file "CMakeCCompilerId.c" succeeded.
Compiler: /opt/wasi-sdk/share/cmake/../..//bin/clang 
Build flags: 
Id flags: -c;--target=wasm32-wasi 

The output was:
0


Compilation of the C compiler identification source "CMakeCCompilerId.c" produced "CMakeCCompilerId.o"

The C compiler identification is Clang, found in "/mnt/c/Users/beblo/OneDrive - Michigan State University/Desktop/Programming/Personal Projects/theremini/build/CMakeFiles/3.22.1/CompilerIdC/CMakeCCompilerId.o"

Compiling the CXX compiler identification source file "CMakeCXXCompilerId.cpp" succeeded.
Compiler: /opt/wasi-sdk/share/cmake/../..//bin/clang++ 
Build flags: 
Id flags: -c;--target=wasm32-wasi 

The output was:
0


Compilation of the CXX compiler identification source "CMakeCXXCompilerId.cpp" produced "CMakeCXXCompilerId.o"

The CXX compiler identification is Clang, found in "/mnt/c/Users/beblo/OneDrive - Michigan State University/Desktop/Programming/Personal Projects/theremini/build/CMakeFiles/3.22.1/CompilerIdCXX/CMakeCXXCompilerId.o"

Detecting C compiler ABI info compiled with the following output:
Change Dir: /mnt/c/Users/beblo/OneDrive - Michigan State University/Desktop/Programming/Personal Projects/theremini/build/CMakeFiles/CMakeTmp

Run Build Command(s):/usr/bin/gmake -f Makefile cmTC_242dc/fast && /usr/bin/gmake  -f CMakeFiles/cmTC_242dc.dir/build.make CMakeFiles/cmTC_242dc.dir/build
gmake[1]: Entering directory '/mnt/c/Users/beblo/OneDrive - Michigan State University/Desktop/Programming/Personal Projects/theremini/build/CMakeFiles/CMakeTmp'
Building C object CMakeFiles/cmTC_242dc.dir/CMakeCCompilerABI.c.obj
/opt/wasi-sdk/share/cmake/../..//bin/clang --target=wasm32-wasi   -v -MD -MT CMakeFiles/cmTC_242dc.dir/CMakeCCompilerABI.c.obj -MF CMakeFiles/cmTC_242dc.dir/CMakeCCompilerABI.c.obj.d -o CMakeFiles/cmTC_242dc.dir/CMakeCCompilerABI.c.obj -c /usr/share/cmake-3.22/Modules/CMakeCCompilerABI.c
clang version 18.1.2-wasi-sdk (https://github.com/llvm/llvm-project 26a1d6601d727a96f4301d0d8647b5a42760ae0c)
Target: wasm32-unknown-wasi
Thread model: posix
InstalledDir: /opt/wasi-sdk/share/cmake/../..//bin
 (in-process)
 "/opt/wasi-sdk/bin/clang-18" -cc1 -triple wasm32-unknown-wasi -emit-obj -mrelax-all -disable-free -clear-ast-before-backend -disable-llvm-verifier -discard-value-names -main-file-name CMakeCCompilerABI.c -mrelocation-model static -mframe-pointer=none -ffp-contract=on -fno-rounding-math -mconstructor-aliases -target-cpu generic -fvisibility=hidden -debugger-tuning=gdb "-fdebug-compilation-dir=/mnt/c/Users/beblo/OneDrive - Michigan State University/Desktop/Programming/Personal Projects/theremini/build/CMakeFiles/CMakeTmp" -v "-fcoverage-compilation-dir=/mnt/c/Users/beblo/OneDrive - Michigan State University/Desktop/Programming/Personal Projects/theremini/build/CMakeFiles/CMakeTmp" -resource-dir /opt/wasi-sdk/lib/clang/18 -dependency-file CMakeFiles/cmTC_242dc.dir/CMakeCCompilerABI.c.obj.d -MT CMakeFiles/cmTC_242dc.dir/CMakeCCompilerABI.c.obj -sys-header-deps -isysroot /opt/wasi-sdk/bin/../share/wasi-sysroot -internal-isystem /opt/wasi-sdk/lib/clang/18/include -internal-isystem /opt/wasi-sdk/bin/../share/wasi-sysroot/include/wasm32-wasi -internal-isystem /opt/wasi-sdk/bin/../share/wasi-sysroot/include -ferror-limit 19 -fgnuc-version=4.2.1 -fskip-odr-check-in-gmf -o CMakeFiles/cmTC_242dc.dir/CMakeCCompilerABI.c.obj -x c /usr/share/cmake-3.22/Modules/CMakeCCompilerABI.c
clang -cc1 version 18.1.2-wasi-sdk based upon LLVM 18.1.2-wasi-sdk default target wasm32-wasi
#include "..." search starts here:
#include <...> search starts here:
 /opt/wasi-sdk/lib/clang/18/include
 /opt/wasi-sdk/bin/../share/wasi-sysroot/include/wasm32-wasi
 /opt/wasi-sdk/bin/../share/wasi-sysroot/include
End of search list.
Linking C executable cmTC_242dc
/usr/bin/cmake -E cmake_link_script CMakeFiles/cmTC_242dc.dir/link.txt --verbose=1
/opt/wasi-sdk/share/cmake/../..//bin/clang --target=wasm32-wasi  -v CMakeFiles/cmTC_242dc.dir/CMakeCCompilerABI.c.obj -o cmTC_242dc 
clang version 18.1.2-wasi-sdk (https://github.com/llvm/llvm-project 26a1d6601d727a96f4301d0d8647b5a42760ae0c)
Target: wasm32-unknown-wasi
Thread model: posix
InstalledDir: /opt/wasi-sdk/share/cmake/../..//bin
 "/opt/wasi-sdk/share/cmake/../..//bin/wasm-ld" -m wasm32 -L/opt/wasi-sdk/bin/../share/wasi-sysroot/lib/wasm32-wasi /opt/wasi-sdk/bin/../share/wasi-sysroot/lib/wasm32-wasi/crt1-command.o CMakeFiles/cmTC_242dc.dir/CMakeCCompilerABI.c.obj -lc /opt/wasi-sdk/lib/clang/18/lib/wasi/libclang_rt.builtins-wasm32.a -o cmTC_242dc
gmake[1]: Leaving directory '/mnt/c/Users/beblo/OneDrive - Michigan State University/Desktop/Programming/Personal Projects/theremini/build/CMakeFiles/CMakeTmp'



Parsed C implicit include dir info from above output: rv=done
  found start of include info
  found start of implicit include info
    add: [/opt/wasi-sdk/lib/clang/18/include]
    add: [/opt/wasi-sdk/bin/../share/wasi-sysroot/include/wasm32-wasi]
    add: [/opt/wasi-sdk/bin/../share/wasi-sysroot/include]
  end of search list found
  collapse include dir [/opt/wasi-sdk/lib/clang/18/include] ==> [/opt/wasi-sdk/lib/clang/18/include]
  collapse include dir [/opt/wasi-sdk/bin/../share/wasi-sysroot/include/wasm32-wasi] ==> [/opt/wasi-sdk/share/wasi-sysroot/include/wasm32-wasi]
  collapse include dir [/opt/wasi-sdk/bin/../share/wasi-sysroot/include] ==> [/opt/wasi-sdk/share/wasi-sysroot/include]
  implicit include dirs: [/opt/wasi-sdk/lib/clang/18/include;/opt/wasi-sdk/share/wasi-sysroot/include/wasm32-wasi;/opt/wasi-sdk/share/wasi-sysroot/include]


Parsed C implicit link information from above output:
  link line regex: [^( *|.*[/\])(ld\.lld|CMAKE_LINK_STARTFILE-NOTFOUND|([^/\]+-)?ld|collect2)[^/\]*( |$)]
  ignore line: [Change Dir: /mnt/c/Users/beblo/OneDrive - Michigan State University/Desktop/Programming/Personal Projects/theremini/build/CMakeFiles/CMakeTmp]
  ignore line: []
  ignore line: [Run Build Command(s):/usr/bin/gmake -f Makefile cmTC_242dc/fast && /usr/bin/gmake  -f CMakeFiles/cmTC_242dc.dir/build.make CMakeFiles/cmTC_242dc.dir/build]
  ignore line: [gmake[1]: Entering directory '/mnt/c/Users/beblo/OneDrive - Michigan State University/Desktop/Programming/Personal Projects/theremini/build/CMakeFiles/CMakeTmp']
  ignore line: [Building C object CMakeFiles/cmTC_242dc.dir/CMakeCCompilerABI.c.obj]
  ignore line: [/opt/wasi-sdk/share/cmake/../..//bin/clang --target=wasm32-wasi   -v -MD -MT CMakeFiles/cmTC_242dc.dir/CMakeCCompilerABI.c.obj -MF CMakeFiles/cmTC_242dc.dir/CMakeCCompilerABI.c.obj.d -o CMakeFiles/cmTC_242dc.dir/CMakeCCompilerABI.c.obj -c /usr/share/cmake-3.22/Modules/CMakeCCompilerABI.c]
  ignore line: [clang version 18.1.2-wasi-sdk (https://github.com/llvm/llvm-project 26a1d6601d727a96f4301d0d8647b5a42760ae0c)]
  ignore line: [Target: wasm32-unknown-wasi]
  ignore line: [Thread model: posix]
  ignore line: [InstalledDir: /opt/wasi-sdk/share/cmake/../..//bin]
  ignore line: [ (in-process)]
  ignore line: [ "/opt/wasi-sdk/bin/clang-18" -cc1 -triple wasm32-unknown-wasi -emit-obj -mrelax-all -disable-free -clear-ast-before-backend -disable-llvm-verifier -discard-value-names -main-file-name CMakeCCompilerABI.c -mrelocation-model static -mframe-pointer=none -ffp-contract=on -fno-rounding-math -mconstructor-aliases -target-cpu generic -fvisibility=hidden -debugger-tuning=gdb "-fdebug-compilation-dir=/mnt/c/Users/beblo/OneDrive - Michigan State University/Desktop/Programming/Personal Projects/theremini/build/CMakeFiles/CMakeTmp" -v "-fcoverage-compilation-dir=/mnt/c/Users/beblo/OneDrive - Michigan State University/Desktop/Programming/Personal Projects/theremini/build/CMakeFiles/CMakeTmp" -resource-dir /opt/wasi-sdk/lib/clang/18 -dependency-file CMakeFiles/cmTC_242dc.dir/CMakeCCompilerABI.c.obj.d -MT CMakeFiles/cmTC_242dc.dir/CMakeCCompilerABI.c.obj -sys-header-deps -isysroot /opt/wasi-sdk/bin/../share/wasi-sysroot -internal-isystem /opt/wasi-sdk/lib/clang/18/include -internal-isystem /opt/wasi-sdk/bin/../share/wasi-sysroot/include/wasm32-wasi -internal-isystem /opt/wasi-sdk/bin/../share/wasi-sysroot/include -ferror-limit 19 -fgnuc-version=4.2.1 -fskip-odr-check-in-gmf -o CMakeFiles/cmTC_242dc.dir/CMakeCCompilerABI.c.obj -x c /usr/share/cmake-3.22/Modules/CMakeCCompilerABI.c]
  ignore line: [clang -cc1 version 18.1.2-wasi-sdk based upon LLVM 18.1.2-wasi-sdk default target wasm32-wasi]
  ignore line: [#include "..." search starts here:]
  ignore line: [#include <...> search starts here:]
  ignore line: [ /opt/wasi-sdk/lib/clang/18/include]
  ignore line: [ /opt/wasi-sdk/bin/../share/wasi-sysroot/include/wasm32-wasi]
  ignore line: [ /opt/wasi-sdk/bin/../share/wasi-sysroot/include]
  ignore line: [End of search list.]
  ignore line: [Linking C executable cmTC_242dc]
  ignore line: [/usr/bin/cmake -E cmake_link_script CMakeFiles/cmTC_242dc.dir/link.txt --verbose=1]
  ignore line: [/opt/wasi-sdk/share/cmake/../..//bin/clang --target=wasm32-wasi  -v CMakeFiles/cmTC_242dc.dir/CMakeCCompilerABI.c.obj -o cmTC_242dc ]
  ignore line: [clang version 18.1.2-wasi-sdk (https://github.com/llvm/llvm-project 26a1d6601d727a96f4301d0d8647b5a42760ae0c)]
  ignore line: [Target: wasm32-unknown-wasi]
  ignore line: [Thread model: posix]
  ignore line: [InstalledDir: /opt/wasi-sdk/share/cmake/../..//bin]
  link line: [ "/opt/wasi-sdk/share/cmake/../..//bin/wasm-ld" -m wasm32 -L/opt/wasi-sdk/bin/../share/wasi-sysroot/lib/wasm32-wasi /opt/wasi-sdk/bin/../share/wasi-sysroot/lib/wasm32-wasi/crt1-command.o CMakeFiles/cmTC_242dc.dir/CMakeCCompilerABI.c.obj -lc /opt/wasi-sdk/lib/clang/18/lib/wasi/libclang_rt.builtins-wasm32.a -o cmTC_242dc]
    arg [/opt/wasi-sdk/share/cmake/../..//bin/wasm-ld] ==> ignore
    arg [-m] ==> ignore
    arg [wasm32] ==> ignore
    arg [-L/opt/wasi-sdk/bin/../share/wasi-sysroot/lib/wasm32-wasi] ==> dir [/opt/wasi-sdk/bin/../share/wasi-sysroot/lib/wasm32-wasi]
    arg [/opt/wasi-sdk/bin/../share/wasi-sysroot/lib/wasm32-wasi/crt1-command.o] ==> obj [/opt/wasi-sdk/bin/../share/wasi-sysroot/lib/wasm32-wasi/crt1-command.o]
    arg [CMakeFiles/cmTC_242dc.dir/CMakeCCompilerABI.c.obj] ==> ignore
    arg [-lc] ==> lib [c]
    arg [/opt/wasi-sdk/lib/clang/18/lib/wasi/libclang_rt.builtins-wasm32.a] ==> lib [/opt/wasi-sdk/lib/clang/18/lib/wasi/libclang_rt.builtins-wasm32.a]
    arg [-o] ==> ignore
    arg [cmTC_242dc] ==> ignore
  remove lib [/opt/wasi-sdk/lib/clang/18/lib/wasi/libclang_rt.builtins-wasm32.a]
  collapse obj [/opt/wasi-sdk/bin/../share/wasi-sysroot/lib/wasm32-wasi/crt1-command.o] ==> [/opt/wasi-sdk/share/wasi-sysroot/lib/wasm32-wasi/crt1-command.o]
  collapse library dir [/opt/wasi-sdk/bin/../share/wasi-sysroot/lib/wasm32-wasi] ==> [/opt/wasi-sdk/share/wasi-sysroot/lib/wasm32-wasi]
  implicit libs: [c]
  implicit objs: [/opt/wasi-sdk/share/wasi-sysroot/lib/wasm32-wasi/crt1-command.o]
  implicit dirs: [/opt/wasi-sdk/share/wasi-sysroot/lib/wasm32-wasi]
  implicit fwks: []


Detecting CXX compiler ABI info compiled with the following output:
Change Dir: /mnt/c/Users/beblo/OneDrive - Michigan State University/Desktop/Programming/Personal Projects/theremini/build/CMakeFiles/CMakeTmp

Run Build Command(s):/usr/bin/gmake -f Makefile cmTC_75c75/fast && /usr/bin/gmake  -f CMakeFiles/cmTC_75c75.dir/build.make CMakeFiles/cmTC_75c75.dir/build
gmake[1]: Entering directory '/mnt/c/Users/beblo/OneDrive - Michigan State University/Desktop/Programming/Personal Projects/theremini/build/CMakeFiles/CMakeTmp'
Building CXX object CMakeFiles/cmTC_75c75.dir/CMakeCXXCompilerABI.cpp.obj
/opt/wasi-sdk/share/cmake/../..//bin/clang++ --target=wasm32-wasi   -v -MD -MT CMakeFiles/cmTC_75c75.dir/CMakeCXXCompilerABI.cpp.obj -MF CMakeFiles/cmTC_75c75.dir/CMakeCXXCompilerABI.cpp.obj.d -o CMakeFiles/cmTC_75c75.dir/CMakeCXXCompilerABI.cpp.obj -c /usr/share/cmake-3.22/Modules/CMakeCXXCompilerABI.cpp
clang version 18.1.2-wasi-sdk (https://github.com/llvm/llvm-project 26a1d6601d727a96f4301d0d8647b5a42760ae0c)
Target: wasm32-unknown-wasi
Thread model: posix
InstalledDir: /opt/wasi-sdk/share/cmake/../..//bin
 (in-process)
 "/opt/wasi-sdk/bin/clang-18" -cc1 -triple wasm32-unknown-wasi -emit-obj -mrelax-all -disable-free -clear-ast-before-backend -disable-llvm-verifier -discard-value-names -main-file-name CMakeCXXCompilerABI.cpp -mrelocation-model static -mframe-pointer=none -ffp-contract=on -fno-rounding-math -mconstructor-aliases -target-cpu generic -fvisibility=hidden -debugger-tuning=gdb "-fdebug-compilation-dir=/mnt/c/Users/beblo/OneDrive - Michigan State University/Desktop/Programming/Personal Projects/theremini/build/CMakeFiles/CMakeTmp" -v "-fcoverage-compilation-dir=/mnt/c/Users/beblo/OneDrive - Michigan State University/Desktop/Programming/Personal Projects/theremini/build/CMakeFiles/CMakeTmp" -resource-dir /opt/wasi-sdk/lib/clang/18 -dependency-file CMakeFiles/cmTC_75c75.dir/CMakeCXXCompilerABI.cpp.obj.d -MT CMakeFiles/cmTC_75c75.dir/CMakeCXXCompilerABI.cpp.obj -sys-header-deps -isysroot /opt/wasi-sdk/bin/../share/wasi-sysroot -internal-isystem /opt/wasi-sdk/bin/../share/wasi-sysroot/include/wasm32-wasi/c++/v1 -internal-isystem /opt/wasi-sdk/bin/../share/wasi-sysroot/include/c++/v1 -internal-isystem /opt/wasi-sdk/lib/clang/18/include -internal-isystem /opt/wasi-sdk/bin/../share/wasi-sysroot/include/wasm32-wasi -internal-isystem /opt/wasi-sdk/bin/../share/wasi-sysroot/include -fdeprecated-macro -ferror-limit 19 -fgnuc-version=4.2.1 -fskip-odr-check-in-gmf -fcxx-exceptions -fexceptions -o CMakeFiles/cmTC_75c75.dir/CMakeCXXCompilerABI.cpp.obj -x c++ /usr/share/cmake-3.22/Modules/CMakeCXXCompilerABI.cpp
clang -cc1 version 18.1.2-wasi-sdk based upon LLVM 18.1.2-wasi-sdk default target wasm32-wasi
#include "..." search starts here:
#include <...> search starts here:
 /opt/wasi-sdk/bin/../share/wasi-sysroot/include/wasm32-wasi/c++/v1
 /opt/wasi-sdk/bin/../share/wasi-sysroot/include/c++/v1
 /opt/wasi-sdk/lib/clang/18/include
 /opt/wasi-sdk/bin/../share/wasi-sysroot/include/wasm32-wasi
 /opt/wasi-sdk/bin/../share/wasi-sysroot/include
End of search list.
Linking CXX executable cmTC_75c75
/usr/bin/cmake -E cmake_link_script CMakeFiles/cmTC_75c75.dir/link.txt --verbose=1
/opt/wasi-sdk/share/cmake/../..//bin/clang++ --target=wasm32-wasi  -v CMakeFiles/cmTC_75c75.dir/CMakeCXXCompilerABI.cpp.obj -o cmTC_75c75 
clang version 18.1.2-wasi-sdk (https://github.com/llvm/llvm-project 26a1d6601d727a96f4301d0d8647b5a42760ae0c)
Target: wasm32-unknown-wasi
Thread model: posix
InstalledDir: /opt/wasi-sdk/share/cmake/../..//bin
 "/opt/wasi-sdk/share/cmake/../..//bin/wasm-ld" -m wasm32 -L/opt/wasi-sdk/bin/../share/wasi-sysroot/lib/wasm32-wasi /opt/wasi-sdk/bin/../share/wasi-sysroot/lib/wasm32-wasi/crt1-command.o CMakeFiles/cmTC_75c75.dir/CMakeCXXCompilerABI.cpp.obj -lc++ -lc++abi -lc /opt/wasi-sdk/lib/clang/18/lib/wasi/libclang_rt.builtins-wasm32.a -o cmTC_75c75
gmake[1]: Leaving directory '/mnt/c/Users/beblo/OneDrive - Michigan State University/Desktop/Programming/Personal Projects/theremini/build/CMakeFiles/CMakeTmp'



Parsed CXX implicit include dir info from above output: rv=done
  found start of include info
  found start of implicit include info
    add: [/opt/wasi-sdk/bin/../share/wasi-sysroot/include/wasm32-wasi/c++/v1]
    add: [/opt/wasi-sdk/bin/../share/wasi-sysroot/include/c++/v1]
    add: [/opt/wasi-sdk/lib/clang/18/include]
    add: [/opt/wasi-sdk/bin/../share/wasi-sysroot/include/wasm32-wasi]
    add: [/opt/wasi-sdk/bin/../share/wasi-sysroot/include]
  end of search list found
  collapse include dir [/opt/wasi-sdk/bin/../share/wasi-sysroot/include/wasm32-wasi/c++/v1] ==> [/opt/wasi-sdk/share/wasi-sysroot/include/wasm32-wasi/c++/v1]
  collapse include dir [/opt/wasi-sdk/bin/../share/wasi-sysroot/include/c++/v1] ==> [/opt/wasi-sdk/share/wasi-sysroot/include/c++/v1]
  collapse include dir [/opt/wasi-sdk/lib/clang/18/include] ==> [/opt/wasi-sdk/lib/clang/18/include]
  collapse include dir [/opt/wasi-sdk/bin/../share/wasi-sysroot/include/wasm32-wasi] ==> [/opt/wasi-sdk/share/wasi-sysroot/include/wasm32-wasi]
  collapse include dir [/opt/wasi-sdk/bin/../share/wasi-sysroot/include] ==> [/opt/wasi-sdk/share/wasi-sysroot/include]
  implicit include dirs: [/opt/wasi-sdk/share/wasi-sysroot/include/wasm32-wasi/c++/v1;/opt/wasi-sdk/share/wasi-sysroot/include/c++/v1;/opt/wasi-sdk/lib/clang/18/include;/opt/wasi-sdk/share/wasi-sysroot/include/wasm32-wasi;/opt/wasi-sdk/share/wasi-sysroot/include]


Parsed CXX implicit link information from above output:
  link line regex: [^( *|.*[/\])(ld\.lld|CMAKE_LINK_STARTFILE-NOTFOUND|([^/\]+-)?ld|collect2)[^/\]*( |$)]
  ignore line: [Change Dir: /mnt/c/Users/beblo/OneDrive - Michigan State University/Desktop/Programming/Personal Projects/theremini/build/CMakeFiles/CMakeTmp]
  ignore line: []
  ignore line: [Run Build Command(s):/usr/bin/gmake -f Makefile cmTC_75c75/fast && /usr/bin/gmake  -f CMakeFiles/cmTC_75c75.dir/build.make CMakeFiles/cmTC_75c75.dir/build]
  ignore line: [gmake[1]: Entering directory '/mnt/c/Users/beblo/OneDrive - Michigan State University/Desktop/Programming/Personal Projects/theremini/build/CMakeFiles/CMakeTmp']
  ignore line: [Building CXX object CMakeFiles/cmTC_75c75.dir/CMakeCXXCompilerABI.cpp.obj]
  ignore line: [/opt/wasi-sdk/share/cmake/../..//bin/clang++ --target=wasm32-wasi   -v -MD -MT CMakeFiles/cmTC_75c75.dir/CMakeCXXCompilerABI.cpp.obj -MF CMakeFiles/cmTC_75c75.dir/CMakeCXXCompilerABI.cpp.obj.d -o CMakeFiles/cmTC_75c75.dir/CMakeCXXCompilerABI.cpp.obj -c /usr/share/cmake-3.22/Modules/CMakeCXXCompilerABI.cpp]
  ignore line: [clang version 18.1.2-wasi-sdk (https://github.com/llvm/llvm-project 26a1d6601d727a96f4301d0d8647b5a42760ae0c)]
  ignore line: [Target: wasm32-unknown-wasi]
  ignore line: [Thread model: posix]
  ignore line: [InstalledDir: /opt/wasi-sdk/share/cmake/../..//bin]
  ignore line: [ (in-process)]
  ignore line: [ "/opt/wasi-sdk/bin/clang-18" -cc1 -triple wasm32-unknown-wasi -emit-obj -mrelax-all -disable-free -clear-ast-before-backend -disable-llvm-verifier -discard-value-names -main-file-name CMakeCXXCompilerABI.cpp -mrelocation-model static -mframe-pointer=none -ffp-contract=on -fno-rounding-math -mconstructor-aliases -target-cpu generic -fvisibility=hidden -debugger-tuning=gdb "-fdebug-compilation-dir=/mnt/c/Users/beblo/OneDrive - Michigan State University/Desktop/Programming/Personal Projects/theremini/build/CMakeFiles/CMakeTmp" -v "-fcoverage-compilation-dir=/mnt/c/Users/beblo/OneDrive - Michigan State University/Desktop/Programming/Personal Projects/theremini/build/CMakeFiles/CMakeTmp" -resource-dir /opt/wasi-sdk/lib/clang/18 -dependency-file CMakeFiles/cmTC_75c75.dir/CMakeCXXCompilerABI.cpp.obj.d -MT CMakeFiles/cmTC_75c75.dir/CMakeCXXCompilerABI.cpp.obj -sys-header-deps -isysroot /opt/wasi-sdk/bin/../share/wasi-sysroot -internal-isystem /opt/wasi-sdk/bin/../share/wasi-sysroot/include/wasm32-wasi/c++/v1 -internal-isystem /opt/wasi-sdk/bin/../share/wasi-sysroot/include/c++/v1 -internal-isystem /opt/wasi-sdk/lib/clang/18/include -internal-isystem /opt/wasi-sdk/bin/../share/wasi-sysroot/include/wasm32-wasi -internal-isystem /opt/wasi-sdk/bin/../share/wasi-sysroot/include -fdeprecated-macro -ferror-limit 19 -fgnuc-version=4.2.1 -fskip-odr-check-in-gmf -fcxx-exceptions -fexceptions -o CMakeFiles/cmTC_75c75.dir/CMakeCXXCompilerABI.cpp.obj -x c++ /usr/share/cmake-3.22/Modules/CMakeCXXCompilerABI.cpp]
  ignore line: [clang -cc1 version 18.1.2-wasi-sdk based upon LLVM 18.1.2-wasi-sdk default target wasm32-wasi]
  ignore line: [#include "..." search starts here:]
  ignore line: [#include <...> search starts here:]
  ignore line: [ /opt/wasi-sdk/bin/../share/wasi-sysroot/include/wasm32-wasi/c++/v1]
  ignore line: [ /opt/wasi-sdk/bin/../share/wasi-sysroot/include/c++/v1]
  ignore line: [ /opt/wasi-sdk/lib/clang/18/include]
  ignore line: [ /opt/wasi-sdk/bin/../share/wasi-sysroot/include/wasm32-wasi]
  ignore line: [ /opt/wasi-sdk/bin/../share/wasi-sysroot/include]
  ignore line: [End of search list.]
  ignore line: [Linking CXX executable cmTC_75c75]
  ignore line: [/usr/bin/cmake -E cmake_link_script CMakeFiles/cmTC_75c75.dir/link.txt --verbose=1]
  ignore line: [/opt/wasi-sdk/share/cmake/../..//bin/clang++ --target=wasm32-wasi  -v CMakeFiles/cmTC_75c75.dir/CMakeCXXCompilerABI.cpp.obj -o cmTC_75c75 ]
  ignore line: [clang version 18.1.2-wasi-sdk (https://github.com/llvm/llvm-project 26a1d6601d727a96f4301d0d8647b5a42760ae0c)]
  ignore line: [Target: wasm32-unknown-wasi]
  ignore line: [Thread model: posix]
  ignore line: [InstalledDir: /opt/wasi-sdk/share/cmake/../..//bin]
  link line: [ "/opt/wasi-sdk/share/cmake/../..//bin/wasm-ld" -m wasm32 -L/opt/wasi-sdk/bin/../share/wasi-sysroot/lib/wasm32-wasi /opt/wasi-sdk/bin/../share/wasi-sysroot/lib/wasm32-wasi/crt1-command.o CMakeFiles/cmTC_75c75.dir/CMakeCXXCompilerABI.cpp.obj -lc++ -lc++abi -lc /opt/wasi-sdk/lib/clang/18/lib/wasi/libclang_rt.builtins-wasm32.a -o cmTC_75c75]
    arg [/opt/wasi-sdk/share/cmake/../..//bin/wasm-ld] ==> ignore
    arg [-m] ==> ignore
    arg [wasm32] ==> ignore
    arg [-L/opt/wasi-sdk/bin/../share/wasi-sysroot/lib/wasm32-wasi] ==> dir [/opt/wasi-sdk/bin/../share/wasi-sysroot/lib/wasm32-wasi]
    arg [/opt/wasi-sdk/bin/../share/wasi-sysroot/lib/wasm32-wasi/crt1-command.o] ==> obj [/opt/wasi-sdk/bin/../share/wasi-sysroot/lib/wasm32-wasi/crt1-command.o]
    arg [CMakeFiles/cmTC_75c75.dir/CMakeCXXCompilerABI.cpp.obj] ==> ignore
    arg [-lc++] ==> lib [c++]
    arg [-lc++abi] ==> lib [c++abi]
    arg [-lc] ==> lib [c]
    arg [/opt/wasi-sdk/lib/clang/18/lib/wasi/libclang_rt.builtins-wasm32.a] ==> lib [/opt/wasi-sdk/lib/clang/18/lib/wasi/libclang_rt.builtins-wasm32.a]
    arg [-o] ==> ignore
    arg [cmTC_75c75] ==> ignore
  remove lib [/opt/wasi-sdk/lib/clang/18/lib/wasi/libclang_rt.builtins-wasm32.a]
  collapse obj [/opt/wasi-sdk/bin/../share/wasi-sysroot/lib/wasm32-wasi/crt1-command.o] ==> [/opt/wasi-sdk/share/wasi-sysroot/lib/wasm32-wasi/crt1-command.o]
  collapse library dir [/opt/wasi-sdk/bin/../share/wasi-sysroot/lib/wasm32-wasi] ==> [/opt/wasi-sdk/share/wasi-sysroot/lib/wasm32-wasi]
  implicit libs: [c++;c++abi;c]
  implicit objs: [/opt/wasi-sdk/share/wasi-sysroot/lib/wasm32-wasi/crt1-command.o]
  implicit dirs: [/opt/wasi-sdk/share/wasi-sysroot/lib/wasm32-wasi]
  implicit fwks: []


